[ERR!] cwd  : /opt/foxyboy/sw/private/packages/sugar
[ERR!] os   : Linux 4.12.8-041208-generic
[ERR!] argv : "/usr/bin/nodejs" "/opt/foxyboy/sw/private/packages/sugar/node_modules/.bin/tsd" "install" "node" "express" "--save"
[ERR!] node : v8.4.0
[ERR!] tsd  : 0.6.5
[ERR!] Error: Cannot find module 'internal/fs'
[ERR!] CODE : MODULE_NOT_FOUND
[ERR!] Cannot find module 'internal/fs'
[ERR!] If you need help, you may report this error at:
    https://github.com/DefinitelyTyped/tsd/issues

[ERR!] 
Error: Cannot find module 'internal/fs'
    at Function.Module._resolveFilename (module.js:489:15)
    at Function.Module._load (module.js:439:25)
    at Module.require (module.js:517:17)
    at require (internal/module.js:11:18)
    at evalmachine.<anonymous>:40:20
    at Object.<anonymous> (/opt/foxyboy/sw/private/packages/sugar/node_modules/configstore/node_modules/graceful-fs/fs.js:11:1)
    at Module._compile (module.js:573:30)
    at Object.Module._extensions..js (module.js:584:10)
    at Module.load (module.js:507:32)
    at tryModuleLoad (module.js:470:12)

[ERR!] tsd.json: {"version":"v4","repo":"borisyankov/DefinitelyTyped","ref":"master","path":"typings","bundle":"typings/tsd.d.ts","installed":{"serve-static/serve-static.d.ts":{"commit":"40c60850ad6c8175a62d5ab48c4e016ea5b3dffe"},"express/express.d.ts":{"commit":"40c60850ad6c8175a62d5ab48c4e016ea5b3dffe"},"mime/mime.d.ts":{"commit":"40c60850ad6c8175a62d5ab48c4e016ea5b3dffe"},"node/node.d.ts":{"commit":"40c60850ad6c8175a62d5ab48c4e016ea5b3dffe"}}}

[ERR!] .tsdrc could not be retrieved

[ERR!] Please include the following file with any support request:
    /opt/foxyboy/sw/private/packages/sugar/tsd-debug.log

