=== track business card: know this works
Request URL:http://www.google-analytics.com/__utm.gif?utmwv=5.3.0&utms=86&utmn=134964759&utmhn=www.haraldrudell.com&utmt=event&utme=5(Exit*%2FHarald%20Rudell.vcf)&utmcs=UTF-8&utmsr=1920x1200&utmvp=1742x510&utmsc=24-bit&utmul=en-us&utmje=1&utmfl=11.2%20r202&utmdt=Harald%20Rudell&utmhid=69891643&utmr=-&utmp=%2F&utmac=UA-25361517-1&utmcc=__utma%3D149020969.342428994.1336878138.1336977071.1336981355.11%3B%2B__utmz%3D149020969.1336956643.8.3.utmcsr%3Dlocalhost%3A3000%7Cutmccn%3D(referral)%7Cutmcmd%3Dreferral%7Cutmcct%3D%2F%3B&utmu=6B~
Request Method:GET
Status Code:200 OK
Request Headersview source
Accept:*/*
Accept-Charset:UTF-8,*;q=0.5
Accept-Encoding:gzip,deflate,sdch
Accept-Language:en-US,en;q=0.8
Connection:keep-alive
Host:www.google-analytics.com
Referer:http://www.haraldrudell.com/
User-Agent:Mozilla/5.0 (X11; Linux x86_64) AppleWebKit/536.5 (KHTML, like Gecko) Chrome/19.0.1084.46 Safari/536.5
Query String Parametersview URL encoded
utmwv:5.3.0
utms:86
utmn:134964759
utmhn:www.haraldrudell.com
utmt:event
utme:5(Exit*/Harald Rudell.vcf)
utmcs:UTF-8
utmsr:1920x1200
utmvp:1742x510
utmsc:24-bit
utmul:en-us
utmje:1
utmfl:11.2 r202
utmdt:Harald Rudell
utmhid:69891643
utmr:-
utmp:/
utmac:UA-25361517-1
utmcc:__utma=149020969.342428994.1336878138.1336977071.1336981355.11;+__utmz=149020969.1336956643.8.3.utmcsr=localhost:3000|utmccn=(referral)|utmcmd=referral|utmcct=/;
utmu:6B~
Response Headersview source
Age:408920
Cache-Control:private, no-cache, no-cache=Set-Cookie, proxy-revalidate
Content-Length:35
Content-Type:image/gif
Date:Wed, 09 May 2012 15:38:17 GMT
Expires:Wed, 19 Apr 2000 11:43:00 GMT
Last-Modified:Wed, 21 Jan 2004 19:51:30 GMT
Pragma:no-cache
Server:GFE/2.0
X-Content-Type-Options:nosniff

==== track twitter follow: does not seem to work
Request URL:http://www.google-analytics.com/__utm.gif?utmwv=5.3.0&utms=87&utmn=968112423&utmhn=www.haraldrudell.com&utmt=event&utme=5(Twitter*click*follow)&utmcs=UTF-8&utmsr=1920x1200&utmvp=1742x510&utmsc=24-bit&utmul=en-us&utmje=1&utmfl=11.2%20r202&utmdt=Harald%20Rudell&utmhid=69891643&utmr=-&utmp=%2F&utmac=UA-25361517-1&utmcc=__utma%3D149020969.342428994.1336878138.1336977071.1336981355.11%3B%2B__utmz%3D149020969.1336956643.8.3.utmcsr%3Dlocalhost%3A3000%7Cutmccn%3D(referral)%7Cutmcmd%3Dreferral%7Cutmcct%3D%2F%3B&utmu=6B~
Request Method:GET
Status Code:200 OK
Request Headersview source
Accept:*/*
Accept-Charset:UTF-8,*;q=0.5
Accept-Encoding:gzip,deflate,sdch
Accept-Language:en-US,en;q=0.8
Connection:keep-alive
Host:www.google-analytics.com
Referer:http://www.haraldrudell.com/
User-Agent:Mozilla/5.0 (X11; Linux x86_64) AppleWebKit/536.5 (KHTML, like Gecko) Chrome/19.0.1084.46 Safari/536.5
Query String Parametersview URL encoded
utmwv:5.3.0
utms:87
utmn:968112423
utmhn:www.haraldrudell.com
utmt:event
utme:5(Twitter*click*follow)
utmcs:UTF-8
utmsr:1920x1200
utmvp:1742x510
utmsc:24-bit
utmul:en-us
utmje:1
utmfl:11.2 r202
utmdt:Harald Rudell
utmhid:69891643
utmr:-
utmp:/
utmac:UA-25361517-1
utmcc:__utma=149020969.342428994.1336878138.1336977071.1336981355.11;+__utmz=149020969.1336956643.8.3.utmcsr=localhost:3000|utmccn=(referral)|utmcmd=referral|utmcct=/;
utmu:6B~
Response Headersview source
Age:408959
Cache-Control:private, no-cache, no-cache=Set-Cookie, proxy-revalidate
Content-Length:35
Content-Type:image/gif
Date:Wed, 09 May 2012 15:38:17 GMT
Expires:Wed, 19 Apr 2000 11:43:00 GMT
Last-Modified:Wed, 21 Jan 2004 19:51:30 GMT
Pragma:no-cache
Server:GFE/2.0
X-Content-Type-Options:nosniff
